<?xml version="1.0" encoding="UTF-8"?>
<!-- Generated by org.testng.reporters.JUnitReportReporter -->
<testsuite skipped="0" hostname="Vivek-Tiwari1" name="Com.NYT.TestCases.toVerifyLogin" tests="1" failures="0" timestamp="31 Dec 2018 11:51:58 GMT" time="25.572" errors="0">
  <testcase name="toVerifyLoginfunc" time="25.572" classname="Com.NYT.TestCases.toVerifyLogin"/>
</testsuite> <!-- Com.NYT.TestCases.toVerifyLogin -->
