<?xml version="1.0" encoding="UTF-8"?>
<!-- Generated by org.testng.reporters.JUnitReportReporter -->
<testsuite skipped="0" hostname="Vivek-Tiwari1" name="Com.NYT.TestCases.toCheckSectionList" tests="1" failures="0" timestamp="02 Jan 2019 17:27:41 GMT" time="13.313" errors="0">
  <testcase name="toInvokeSectionlistItem" time="13.313" classname="Com.NYT.TestCases.toCheckSectionList"/>
</testsuite> <!-- Com.NYT.TestCases.toCheckSectionList -->
