<?xml version="1.0" encoding="UTF-8"?>
<!-- Generated by org.testng.reporters.JUnitReportReporter -->
<testsuite skipped="0" hostname="Vivek-Tiwari1" name="Com.NYT.TestCases.toCheckSectionList" tests="1" failures="0" timestamp="31 Dec 2018 13:08:59 GMT" time="11.288" errors="0">
  <testcase name="toInvokeSectionlistItem" time="11.288" classname="Com.NYT.TestCases.toCheckSectionList"/>
</testsuite> <!-- Com.NYT.TestCases.toCheckSectionList -->
