<?xml version="1.0" encoding="UTF-8"?>
<!-- Generated by org.testng.reporters.JUnitReportReporter -->
<testsuite skipped="0" hostname="Vivek-Tiwari1" name="Com.NYT.TestCases.ToVerifyVerticalScroll" tests="1" failures="0" timestamp="31 Dec 2018 13:13:39 GMT" time="19.472" errors="0">
  <testcase name="ScrollTest" time="19.472" classname="Com.NYT.TestCases.ToVerifyVerticalScroll"/>
</testsuite> <!-- Com.NYT.TestCases.ToVerifyVerticalScroll -->
