<?xml version="1.0" encoding="UTF-8"?>
<!-- Generated by org.testng.reporters.JUnitReportReporter -->
<testsuite skipped="0" hostname="Vivek-Tiwari1" name="Com.NYT.TestCases.toVerifyLogin" tests="1" failures="0" timestamp="02 Jan 2019 17:27:41 GMT" time="31.345" errors="0">
  <testcase name="toVerifyLoginfunc" time="31.345" classname="Com.NYT.TestCases.toVerifyLogin"/>
</testsuite> <!-- Com.NYT.TestCases.toVerifyLogin -->
